La génération a démarré 11/10/2012 08:39:37.
     1>Projet "D:\SFML-2.0-rc\build\src\SFML\Network\sfml-network.vcxproj" sur le nœud 4 (Build cible(s)).
     1>CustomBuild:
         Building Custom Rule D:/SFML-2.0-rc/src/SFML/Network/CMakeLists.txt
         CMake does not need to re-run because D:\SFML-2.0-rc\build\src\SFML\Network\CMakeFiles\generate.stamp is up-to-date.
       ClCompile:
         C:\Program Files (x86)\Microsoft Visual Studio 11.0\VC\bin\CL.exe /c /I"D:/SFML-2.0-rc/include" /I"D:/SFML-2.0-rc/src" /Zi /nologo /W3 /WX- /Od /Ob0 /Oy- /D WIN32 /D _WINDOWS /D _DEBUG /D _CRT_SECURE_NO_DEPRECATE /D "CMAKE_INTDIR=\"Debug\"" /D SFML_NETWORK_EXPORTS /D _WINDLL /D _MBCS /Gm- /EHsc /RTC1 /MDd /GS /fp:precise /Zc:wchar_t /Zc:forScope /GR /Fo"sfml-network.dir\Debug\\" /Fd"D:/SFML-2.0-rc/build/lib/Debug/sfml-network-d.pdb" /Gd /TP /analyze- /errorReport:prompt  /Zm1000 ..\..\..\..\src\SFML\Network\Ftp.cpp ..\..\..\..\src\SFML\Network\Http.cpp ..\..\..\..\src\SFML\Network\IpAddress.cpp ..\..\..\..\src\SFML\Network\Packet.cpp ..\..\..\..\src\SFML\Network\Socket.cpp ..\..\..\..\src\SFML\Network\SocketSelector.cpp ..\..\..\..\src\SFML\Network\TcpListener.cpp ..\..\..\..\src\SFML\Network\TcpSocket.cpp ..\..\..\..\src\SFML\Network\UdpSocket.cpp ..\..\..\..\src\SFML\Network\Win32\SocketImpl.cpp
         Ftp.cpp
         Http.cpp
         IpAddress.cpp
         Packet.cpp
         Socket.cpp
         SocketSelector.cpp
         TcpListener.cpp
         TcpSocket.cpp
         UdpSocket.cpp
         SocketImpl.cpp
         Génération de code en cours...
       Link:
         C:\Program Files (x86)\Microsoft Visual Studio 11.0\VC\bin\link.exe /ERRORREPORT:PROMPT /OUT:"D:\SFML-2.0-rc\build\lib\Debug\sfml-network-d-2.dll" /INCREMENTAL /NOLOGO kernel32.lib user32.lib gdi32.lib winspool.lib shell32.lib ole32.lib oleaut32.lib uuid.lib comdlg32.lib advapi32.lib "..\..\..\lib\Debug\sfml-system-d.lib" ws2_32.lib /MANIFEST /MANIFESTUAC:"level='asInvoker' uiAccess='false'" /manifest:embed /DEBUG /PDB:"D:/SFML-2.0-rc/build/lib/Debug/sfml-network-d.pdb" /SUBSYSTEM:CONSOLE /STACK:"10000000" /TLBID:1 /DYNAMICBASE /NXCOMPAT /IMPLIB:"D:/SFML-2.0-rc/build/lib/Debug/sfml-network-d.lib" /MACHINE:X86 /SAFESEH  /machine:X86 /debug /DLL "sfml-network.dir\Debug\Ftp.obj"
         "sfml-network.dir\Debug\Http.obj"
         "sfml-network.dir\Debug\IpAddress.obj"
         "sfml-network.dir\Debug\Packet.obj"
         "sfml-network.dir\Debug\Socket.obj"
         "sfml-network.dir\Debug\SocketSelector.obj"
         "sfml-network.dir\Debug\TcpListener.obj"
         "sfml-network.dir\Debug\TcpSocket.obj"
         "sfml-network.dir\Debug\UdpSocket.obj"
         "sfml-network.dir\Debug\SocketImpl.obj"
            Création de la bibliothèque D:/SFML-2.0-rc/build/lib/Debug/sfml-network-d.lib et de l'objet D:/SFML-2.0-rc/build/lib/Debug/sfml-network-d.exp
         sfml-network.vcxproj -> D:\SFML-2.0-rc\build\lib\Debug\sfml-network-d-2.dll
     1>Génération du projet "D:\SFML-2.0-rc\build\src\SFML\Network\sfml-network.vcxproj" terminée (Build cible(s)).

La génération a réussi.

Temps écoulé 00:00:13.43
