La génération a démarré 11/10/2012 08:40:51.
     1>Projet "D:\SFML-2.0-rc\build\src\SFML\Window\sfml-window.vcxproj" sur le nœud 3 (Build cible(s)).
     1>CustomBuild:
         Building Custom Rule D:/SFML-2.0-rc/src/SFML/Window/CMakeLists.txt
         CMake does not need to re-run because D:\SFML-2.0-rc\build\src\SFML\Window\CMakeFiles\generate.stamp is up-to-date.
       ClCompile:
         C:\Program Files (x86)\Microsoft Visual Studio 11.0\VC\bin\CL.exe /c /I"D:/SFML-2.0-rc/include" /I"D:/SFML-2.0-rc/src" /nologo /W3 /WX- /O2 /Ob2 /Oy- /D WIN32 /D _WINDOWS /D NDEBUG /D _CRT_SECURE_NO_DEPRECATE /D "CMAKE_INTDIR=\"Release\"" /D SFML_WINDOW_EXPORTS /D _WINDLL /D _MBCS /Gm- /EHsc /MD /GS /fp:precise /Zc:wchar_t /Zc:forScope /GR /Fo"sfml-window.dir\Release\\" /Fd"D:/SFML-2.0-rc/build/lib/Release/sfml-window.pdb" /Gd /TP /analyze- /errorReport:prompt  /Zm1000 ..\..\..\..\src\SFML\Window\Context.cpp ..\..\..\..\src\SFML\Window\GlContext.cpp ..\..\..\..\src\SFML\Window\GlResource.cpp ..\..\..\..\src\SFML\Window\Joystick.cpp ..\..\..\..\src\SFML\Window\JoystickManager.cpp ..\..\..\..\src\SFML\Window\Keyboard.cpp ..\..\..\..\src\SFML\Window\Mouse.cpp ..\..\..\..\src\SFML\Window\VideoMode.cpp ..\..\..\..\src\SFML\Window\Window.cpp ..\..\..\..\src\SFML\Window\WindowImpl.cpp ..\..\..\..\src\SFML\Window\Win32\WglContext.cpp ..\..\..\..\src\SFML\Window\Win32\InputImpl.cpp ..\..\..\..\src\SFML\Window\Win32\JoystickImpl.cpp ..\..\..\..\src\SFML\Window\Win32\VideoModeImpl.cpp ..\..\..\..\src\SFML\Window\Win32\WindowImplWin32.cpp
         Context.cpp
         GlContext.cpp
         GlResource.cpp
         Joystick.cpp
         JoystickManager.cpp
         Keyboard.cpp
         Mouse.cpp
         VideoMode.cpp
         Window.cpp
         WindowImpl.cpp
         WglContext.cpp
         InputImpl.cpp
         JoystickImpl.cpp
         VideoModeImpl.cpp
         WindowImplWin32.cpp
         Génération de code en cours...
       Link:
         C:\Program Files (x86)\Microsoft Visual Studio 11.0\VC\bin\link.exe /ERRORREPORT:PROMPT /OUT:"D:\SFML-2.0-rc\build\lib\Release\sfml-window-2.dll" /INCREMENTAL:NO /NOLOGO kernel32.lib user32.lib gdi32.lib winspool.lib shell32.lib ole32.lib oleaut32.lib uuid.lib comdlg32.lib advapi32.lib "..\..\..\lib\Release\sfml-system.lib" opengl32.lib winmm.lib gdi32.lib /MANIFEST /MANIFESTUAC:"level='asInvoker' uiAccess='false'" /manifest:embed /PDB:"D:/SFML-2.0-rc/build/lib/Release/sfml-window.pdb" /SUBSYSTEM:CONSOLE /STACK:"10000000" /TLBID:1 /DYNAMICBASE /NXCOMPAT /IMPLIB:"D:/SFML-2.0-rc/build/lib/Release/sfml-window.lib" /MACHINE:X86 /SAFESEH  /machine:X86 /DLL "sfml-window.dir\Release\Context.obj"
         "sfml-window.dir\Release\GlContext.obj"
         "sfml-window.dir\Release\GlResource.obj"
         "sfml-window.dir\Release\Joystick.obj"
         "sfml-window.dir\Release\JoystickManager.obj"
         "sfml-window.dir\Release\Keyboard.obj"
         "sfml-window.dir\Release\Mouse.obj"
         "sfml-window.dir\Release\VideoMode.obj"
         "sfml-window.dir\Release\Window.obj"
         "sfml-window.dir\Release\WindowImpl.obj"
         "sfml-window.dir\Release\WglContext.obj"
         "sfml-window.dir\Release\InputImpl.obj"
         "sfml-window.dir\Release\JoystickImpl.obj"
         "sfml-window.dir\Release\VideoModeImpl.obj"
         "sfml-window.dir\Release\WindowImplWin32.obj"
            Création de la bibliothèque D:/SFML-2.0-rc/build/lib/Release/sfml-window.lib et de l'objet D:/SFML-2.0-rc/build/lib/Release/sfml-window.exp
         sfml-window.vcxproj -> D:\SFML-2.0-rc\build\lib\Release\sfml-window-2.dll
     1>Génération du projet "D:\SFML-2.0-rc\build\src\SFML\Window\sfml-window.vcxproj" terminée (Build cible(s)).

La génération a réussi.

Temps écoulé 00:00:13.79
